2018-10-17 11:36:59.482 INFO [][Process.java:23] - []Request XML content: <?xml version='1.0' encoding='GB2312'?><EAIRequest><Requests><Request Name='WriFCXX'><FCXX FCSLH='20181015001' /><FCXX FPID='' /><FCXX SPID='' /><FCXX PGJG='500600.08' /><FCXX QSJG='' /><FCXX QTJG='' /><FCXX OINSID='' /><FCXX ROOMID='G2018100815170756752' /><FCXX OWNROOMID='ES-1-1538378840085-85' /><FCXX HTZJ='' /><FCXX PGDJ='' /><FCXX DFSPID='' /><FCXX SSQY='' /><FCXX QS='77.77'/><FCXX YYS='66.66'/><FCXX CJS='55.55'/><FCXX DFJYS='44.44'/><FCXX GRSDS='33.33'/><FCXX YHS='22.22'/><FCXX TDZZS='11.11'/><FCXX PGID='PG123123123123123'/><FCXX BZXX=''/></Request></Requests></EAIRequest>
2018-10-17 11:37:05.911 INFO [][WriFCXX.java:60] - []【指令流水表】Executing insert data status...
2018-10-17 11:37:05.972 INFO [][WriFCXX.java:68] - []【指令流水表】SYS_CMD_REQUEST table has been successfully saved.
2018-10-17 11:37:05.972 INFO [][WriFCXX.java:69] - []【完税信息表】Saving Tax information data...
2018-10-17 11:37:06.003 INFO [][WriFCXX.java:75] - []【完税信息表】Tax information saved successfully.
2018-10-17 11:37:06.003 INFO [][Process.java:30] - []Response XML content: <?xml version='1.0' encoding='GBK'?><EAIRequest><Requests><Request Name='WriFCXX'><Results><Result><Rows><Row RESULT='OK' errorMessage='完税信息保存成功' /></Rows></Result></Results></Request></Requests></EAIRequest>
2018-10-17 11:45:15.746 INFO [][Process.java:23] - []Request XML content: <?xml version='1.0' encoding='GB2312'?><EAIRequest><Requests><Request Name='WriFCXX'><FCXX FCSLH='20181015001' /><FCXX FPID='' /><FCXX SPID='' /><FCXX PGJG='500600.08' /><FCXX QSJG='' /><FCXX QTJG='' /><FCXX OINSID='' /><FCXX ROOMID='G2018100815170756752' /><FCXX OWNROOMID='ES-1-1538378840085-85' /><FCXX HTZJ='' /><FCXX PGDJ='' /><FCXX DFSPID='' /><FCXX SSQY='' /><FCXX QS='77.77'/><FCXX YYS='66.66'/><FCXX CJS='55.55'/><FCXX DFJYS='44.44'/><FCXX GRSDS='33.33'/><FCXX YHS='22.22'/><FCXX TDZZS='11.11'/><FCXX PGID='PG123123123123123'/><FCXX BZXX=''/></Request></Requests></EAIRequest>
2018-10-17 11:45:22.285 INFO [][WriFCXX.java:60] - []【指令流水表】Executing insert data status...
2018-10-17 11:45:22.351 INFO [][WriFCXX.java:68] - []【指令流水表】SYS_CMD_REQUEST table has been successfully saved.
2018-10-17 11:45:22.351 INFO [][WriFCXX.java:69] - []【完税信息表】Saving Tax information data...
2018-10-17 11:45:22.476 INFO [][WriFCXX.java:75] - []【完税信息表】Tax information saved successfully.
2018-10-17 11:45:22.476 INFO [][Process.java:30] - []Response XML content: <?xml version='1.0' encoding='GBK'?><EAIRequest><Requests><Request Name='WriFCXX'><Results><Result><Rows><Row RESULT='OK' errorMessage='完税信息保存成功' /></Rows></Result></Results></Request></Requests></EAIRequest>
2018-10-17 11:45:31.808 INFO [][Process.java:23] - []Request XML content: <?xml version='1.0' encoding='GB2312'?><EAIRequest><Requests><Request Name='WriFCXX'><FCXX FCSLH='20181015001' /><FCXX FPID='' /><FCXX SPID='' /><FCXX PGJG='500600.08' /><FCXX QSJG='' /><FCXX QTJG='' /><FCXX OINSID='' /><FCXX ROOMID='G2018100815170756752' /><FCXX OWNROOMID='ES-1-1538378840085-85' /><FCXX HTZJ='' /><FCXX PGDJ='' /><FCXX DFSPID='' /><FCXX SSQY='' /><FCXX QS='77.77'/><FCXX YYS='66.66'/><FCXX CJS='55.55'/><FCXX DFJYS='44.44'/><FCXX GRSDS='33.33'/><FCXX YHS='22.22'/><FCXX TDZZS='11.11'/><FCXX PGID='PG123123123123123'/><FCXX BZXX=''/></Request></Requests></EAIRequest>
2018-10-17 11:45:38.792 INFO [][WriFCXX.java:60] - []【指令流水表】Executing insert data status...
2018-10-17 11:45:38.965 INFO [][WriFCXX.java:68] - []【指令流水表】SYS_CMD_REQUEST table has been successfully saved.
2018-10-17 11:45:38.965 INFO [][WriFCXX.java:69] - []【完税信息表】Saving Tax information data...
2018-10-17 11:45:39.043 INFO [][WriFCXX.java:75] - []【完税信息表】Tax information saved successfully.
2018-10-17 11:45:39.043 INFO [][Process.java:30] - []Response XML content: <?xml version='1.0' encoding='GBK'?><EAIRequest><Requests><Request Name='WriFCXX'><Results><Result><Rows><Row RESULT='OK' errorMessage='完税信息保存成功' /></Rows></Result></Results></Request></Requests></EAIRequest>
2018-10-17 16:06:54.389 INFO [][Process.java:23] - []Request XML content: <?xml version='1.0' encoding='UTF-8'?><EAIRequest><Requests><Request Name='GetFCXX'><FCXX FCSLH='20181015001' /><FCXX FCBM='' /></Request></Requests></EAIRequest>
2018-10-17 16:06:54.459 INFO [][GetFCXX.java:41] - []【请求响应表】Querying Sys_Cmd_Response table data...
2018-10-17 16:07:01.293 INFO [][GetFCXX.java:46] - []【协税信息】Number of query results：0
2018-10-17 16:07:01.293 INFO [][GetFCXX.java:67] - []【协税信息】There are no data was read.
2018-10-17 16:07:01.308 INFO [][Process.java:30] - []Response XML content: <?xml version='1.0' encoding='GBK'?><EAIRequest><Requests><Request Name='GetTAXREAD'><Results><Result><ROWS></ROWS></Result></Results></Request></Requests></EAIRequest>
2018-10-17 17:21:44.310 INFO [][Process.java:23] - []Request XML content: <?xml version='1.0' encoding='UTF-8'?><EAIRequest><Requests><Request Name='GetFCXX'><FCXX FCSLH='FC1' /><FCXX FCBM='' /></Request></Requests></EAIRequest>
2018-10-17 17:21:44.381 INFO [][GetFCXX.java:41] - []【请求响应表】Querying Sys_Cmd_Response table data...
2018-10-17 17:21:50.597 INFO [][GetFCXX.java:46] - []【协税信息】Number of query results：1
2018-10-17 17:21:50.722 INFO [][GetFCXX.java:57] - []【请求响应表】Some data was successfully read from Sys_Cmd_Response table.
2018-10-17 17:21:50.722 INFO [][GetFCXX.java:59] - []【指令流水表】Executing update data status...
2018-10-17 17:21:50.831 INFO [][GetFCXX.java:65] - []【指令流水表】SYS_CMD_REQUEST table has been successfully updated.
2018-10-17 17:21:50.831 INFO [][Process.java:30] - []Response XML content: <?xml version='1.0' encoding='GBK'?><EAIRequest><Requests><Request Name='GetTAXREAD'><Results><Result><ROWS><ROW FCSLH='FC1' YFCZH='null' ZRFSFLX='2' ZRFSFID='430322198408182909' ZRFMC='李华' CSFSFLX='2' CSFSFID='430322198509112345' CSFMC='李芳' CLH='ES-1-1539671164443-7' SJYT='null' LFDZ='null' DYFH='002' SZLC='null' ZLC='null' JZJG='null' FWLX='null' JYLX='null' JZMJ='null' HTZJ='null' JYSJ='null' FZRQ='null' DF='null' CX='null' CG='null' OINSID='' YJG='' PGJG='' ROOMID='G2018101717190017701' OWNROOMID='ES-1-1539671164443-7' SFSYFC='null' JCNF='null' WSRQ='null' WSJS='null' ZRFTEL='' CSFTEL='11911911911' ERRORSIGN='0' ERRORMESSAGE='获取成功'/></ROWS></Result></Results></Request></Requests></EAIRequest>
2018-10-17 17:57:59.589 INFO [][Process.java:23] - []Request XML content: <?xml version='1.0' encoding='UTF-8'?><EAIRequest><Requests><Request Name='GetFCXX'><FCXX FCSLH='FC11' /><FCXX FCBM='' /></Request></Requests></EAIRequest>
2018-10-17 17:57:59.658 INFO [][GetFCXX.java:41] - []【请求响应表】Querying Sys_Cmd_Response table data...
2018-10-17 17:58:07.590 INFO [][GetFCXX.java:46] - []【协税信息】Number of query results：1
2018-10-17 17:58:07.785 INFO [][GetFCXX.java:57] - []【请求响应表】Some data was successfully read from Sys_Cmd_Response table.
2018-10-17 17:58:07.786 INFO [][GetFCXX.java:59] - []【指令流水表】Executing update data status...
2018-10-17 17:58:07.873 INFO [][GetFCXX.java:65] - []【指令流水表】SYS_CMD_REQUEST table has been successfully updated.
2018-10-17 17:58:07.878 INFO [][Process.java:30] - []Response XML content: <?xml version='1.0' encoding='GBK'?><EAIRequest><Requests><Request Name='GetTAXREAD'><Results><Result><ROWS><ROW FCSLH='FC11' YFCZH='null' ZRFSFLX='null' ZRFSFID='null' ZRFMC='null' CSFSFLX='0' CSFSFID='432522197302050315' CSFMC='陈柱' CLH='ES-1-1539671164440-9' SJYT='null' LFDZ='null' DYFH='null' SZLC='null' ZLC='null' JZJG='null' FWLX='null' JYLX='null' JZMJ='null' HTZJ='90909090' JYSJ='null' FZRQ='null' DF='null' CX='null' CG='null' OINSID='' YJG='' PGJG='' ROOMID='G2018101717460668506' OWNROOMID='ES-1-1539671164440-9' SFSYFC='null' JCNF='null' WSRQ='null' WSJS='null' ZRFTEL='null' CSFTEL='13787421927' ERRORSIGN='0' ERRORMESSAGE='获取成功'/></ROWS></Result></Results></Request></Requests></EAIRequest>
